{"/Users/vivekrajkr/Projects/sports-leagues/src/App.tsx": {"path":"/Users/vivekrajkr/Projects/sports-leagues/src/App.tsx","statementMap":{"0":{"start":{"line":7,"column":2},"end":{"line":13,"column":null}}},"fnMap":{"0":{"name":"App","decl":{"start":{"line":6,"column":9},"end":{"line":6,"column":15}},"loc":{"start":{"line":6,"column":15},"end":{"line":15,"column":null}},"line":6}},"branchMap":{},"s":{"0":1},"f":{"0":1},"b":{},"meta":{"lastBranch":0,"lastFunction":1,"lastStatement":1,"seen":{"f:6:9:6:15":0,"s:7:2:13:Infinity":0},"fnNames":{}}}
,"/Users/vivekrajkr/Projects/sports-leagues/src/components/Modal/Modal.tsx": {"path":"/Users/vivekrajkr/Projects/sports-leagues/src/components/Modal/Modal.tsx","statementMap":{"0":{"start":{"line":9,"column":6},"end":{"line":31,"column":null}},"1":{"start":{"line":10,"column":2},"end":{"line":29,"column":null}}},"fnMap":{"0":{"name":"(anonymous_0)","decl":{"start":{"line":9,"column":6},"end":{"line":9,"column":15}},"loc":{"start":{"line":9,"column":65},"end":{"line":31,"column":null}},"line":9}},"branchMap":{},"s":{"0":2,"1":3},"f":{"0":3},"b":{},"meta":{"lastBranch":0,"lastFunction":1,"lastStatement":2,"seen":{"s:9:6:31:Infinity":0,"f:9:6:9:15":0,"s:10:2:29:Infinity":1},"fnNames":{}}}
,"/Users/vivekrajkr/Projects/sports-leagues/src/components/dropdown/Dropdown.tsx": {"path":"/Users/vivekrajkr/Projects/sports-leagues/src/components/dropdown/Dropdown.tsx","statementMap":{"0":{"start":{"line":19,"column":6},"end":{"line":36,"column":null}},"1":{"start":{"line":20,"column":2},"end":{"line":34,"column":null}},"2":{"start":{"line":28,"column":8},"end":{"line":31,"column":null}}},"fnMap":{"0":{"name":"(anonymous_0)","decl":{"start":{"line":19,"column":17},"end":{"line":19,"column":23}},"loc":{"start":{"line":19,"column":53},"end":{"line":36,"column":1}},"line":19},"1":{"name":"(anonymous_1)","decl":{"start":{"line":27,"column":23},"end":{"line":27,"column":28}},"loc":{"start":{"line":27,"column":39},"end":{"line":33,"column":7}},"line":27}},"branchMap":{},"s":{"0":2,"1":9,"2":25},"f":{"0":9,"1":25},"b":{},"meta":{"lastBranch":0,"lastFunction":2,"lastStatement":3,"seen":{"s:19:6:36:Infinity":0,"f:19:17:19:23":0,"s:20:2:34:Infinity":1,"f:27:23:27:28":1,"s:28:8:31:Infinity":2},"fnNames":{}}}
,"/Users/vivekrajkr/Projects/sports-leagues/src/components/empty-state/EmptyState.tsx": {"path":"/Users/vivekrajkr/Projects/sports-leagues/src/components/empty-state/EmptyState.tsx","statementMap":{"0":{"start":{"line":6,"column":6},"end":{"line":15,"column":null}},"1":{"start":{"line":7,"column":2},"end":{"line":13,"column":null}}},"fnMap":{"0":{"name":"(anonymous_0)","decl":{"start":{"line":6,"column":6},"end":{"line":6,"column":20}},"loc":{"start":{"line":6,"column":64},"end":{"line":15,"column":null}},"line":6}},"branchMap":{"0":{"loc":{"start":{"line":10,"column":7},"end":{"line":13,"column":null}},"type":"binary-expr","locations":[{"start":{"line":10,"column":7},"end":{"line":10,"column":null}},{"start":{"line":11,"column":8},"end":{"line":13,"column":null}}],"line":10}},"s":{"0":2,"1":3},"f":{"0":3},"b":{"0":[3,2]},"meta":{"lastBranch":1,"lastFunction":1,"lastStatement":2,"seen":{"s:6:6:15:Infinity":0,"f:6:6:6:20":0,"s:7:2:13:Infinity":1,"b:10:7:10:Infinity:11:8:13:Infinity":0},"fnNames":{}}}
,"/Users/vivekrajkr/Projects/sports-leagues/src/components/header/Header.tsx": {"path":"/Users/vivekrajkr/Projects/sports-leagues/src/components/header/Header.tsx","statementMap":{"0":{"start":{"line":1,"column":6},"end":{"line":11,"column":null}},"1":{"start":{"line":2,"column":2},"end":{"line":9,"column":null}}},"fnMap":{"0":{"name":"(anonymous_0)","decl":{"start":{"line":1,"column":6},"end":{"line":1,"column":21}},"loc":{"start":{"line":1,"column":21},"end":{"line":11,"column":null}},"line":1}},"branchMap":{},"s":{"0":2,"1":2},"f":{"0":2},"b":{},"meta":{"lastBranch":0,"lastFunction":1,"lastStatement":2,"seen":{"s:1:6:11:Infinity":0,"f:1:6:1:21":0,"s:2:2:9:Infinity":1},"fnNames":{}}}
,"/Users/vivekrajkr/Projects/sports-leagues/src/components/layout/Layout.tsx": {"path":"/Users/vivekrajkr/Projects/sports-leagues/src/components/layout/Layout.tsx","statementMap":{"0":{"start":{"line":7,"column":6},"end":{"line":9,"column":null}},"1":{"start":{"line":8,"column":2},"end":{"line":8,"column":null}}},"fnMap":{"0":{"name":"(anonymous_0)","decl":{"start":{"line":7,"column":6},"end":{"line":7,"column":16}},"loc":{"start":{"line":7,"column":46},"end":{"line":9,"column":null}},"line":7}},"branchMap":{},"s":{"0":2,"1":2},"f":{"0":2},"b":{},"meta":{"lastBranch":0,"lastFunction":1,"lastStatement":2,"seen":{"s:7:6:9:Infinity":0,"f:7:6:7:16":0,"s:8:2:8:Infinity":1},"fnNames":{}}}
,"/Users/vivekrajkr/Projects/sports-leagues/src/components/searchbar/SearchBar.tsx": {"path":"/Users/vivekrajkr/Projects/sports-leagues/src/components/searchbar/SearchBar.tsx","statementMap":{"0":{"start":{"line":13,"column":6},"end":{"line":25,"column":null}},"1":{"start":{"line":14,"column":2},"end":{"line":23,"column":null}}},"fnMap":{"0":{"name":"(anonymous_0)","decl":{"start":{"line":13,"column":18},"end":{"line":13,"column":24}},"loc":{"start":{"line":13,"column":55},"end":{"line":25,"column":1}},"line":13}},"branchMap":{},"s":{"0":2,"1":9},"f":{"0":9},"b":{},"meta":{"lastBranch":0,"lastFunction":1,"lastStatement":2,"seen":{"s:13:6:25:Infinity":0,"f:13:18:13:24":0,"s:14:2:23:Infinity":1},"fnNames":{}}}
,"/Users/vivekrajkr/Projects/sports-leagues/src/features/leagues-list/LeaguesList.tsx": {"path":"/Users/vivekrajkr/Projects/sports-leagues/src/features/leagues-list/LeaguesList.tsx","statementMap":{"0":{"start":{"line":12,"column":6},"end":{"line":95,"column":null}},"1":{"start":{"line":13,"column":16},"end":{"line":13,"column":null}},"2":{"start":{"line":14,"column":39},"end":{"line":14,"column":null}},"3":{"start":{"line":15,"column":62},"end":{"line":16,"column":null}},"4":{"start":{"line":18,"column":17},"end":{"line":18,"column":null}},"5":{"start":{"line":19,"column":35},"end":{"line":21,"column":null}},"6":{"start":{"line":23,"column":8},"end":{"line":25,"column":null}},"7":{"start":{"line":24,"column":4},"end":{"line":24,"column":null}},"8":{"start":{"line":27,"column":8},"end":{"line":29,"column":null}},"9":{"start":{"line":28,"column":4},"end":{"line":28,"column":null}},"10":{"start":{"line":31,"column":31},"end":{"line":31,"column":null}},"11":{"start":{"line":32,"column":21},"end":{"line":34,"column":null}},"12":{"start":{"line":33,"column":16},"end":{"line":33,"column":null}},"13":{"start":{"line":36,"column":2},"end":{"line":93,"column":null}},"14":{"start":{"line":63,"column":12},"end":{"line":68,"column":null}}},"fnMap":{"0":{"name":"(anonymous_0)","decl":{"start":{"line":12,"column":6},"end":{"line":12,"column":26}},"loc":{"start":{"line":12,"column":26},"end":{"line":95,"column":null}},"line":12},"1":{"name":"(anonymous_1)","decl":{"start":{"line":23,"column":8},"end":{"line":23,"column":23}},"loc":{"start":{"line":23,"column":42},"end":{"line":25,"column":null}},"line":23},"2":{"name":"(anonymous_2)","decl":{"start":{"line":27,"column":8},"end":{"line":27,"column":29}},"loc":{"start":{"line":27,"column":29},"end":{"line":29,"column":null}},"line":27},"3":{"name":"(anonymous_3)","decl":{"start":{"line":32,"column":38},"end":{"line":32,"column":null}},"loc":{"start":{"line":33,"column":16},"end":{"line":33,"column":null}},"line":33},"4":{"name":"(anonymous_4)","decl":{"start":{"line":62,"column":30},"end":{"line":62,"column":35}},"loc":{"start":{"line":62,"column":46},"end":{"line":70,"column":11}},"line":62}},"branchMap":{"0":{"loc":{"start":{"line":56,"column":9},"end":{"line":70,"column":null}},"type":"cond-expr","locations":[{"start":{"line":57,"column":10},"end":{"line":62,"column":30}},{"start":{"line":62,"column":10},"end":{"line":70,"column":null}}],"line":56},"1":{"loc":{"start":{"line":73,"column":7},"end":{"line":91,"column":null}},"type":"binary-expr","locations":[{"start":{"line":73,"column":7},"end":{"line":73,"column":null}},{"start":{"line":74,"column":8},"end":{"line":91,"column":null}}],"line":73},"2":{"loc":{"start":{"line":76,"column":13},"end":{"line":84,"column":14}},"type":"binary-expr","locations":[{"start":{"line":76,"column":13},"end":{"line":76,"column":null}},{"start":{"line":77,"column":14},"end":{"line":84,"column":14}}],"line":76},"3":{"loc":{"start":{"line":84,"column":13},"end":{"line":90,"column":null}},"type":"binary-expr","locations":[{"start":{"line":84,"column":13},"end":{"line":84,"column":28}},{"start":{"line":84,"column":28},"end":{"line":84,"column":null}},{"start":{"line":85,"column":14},"end":{"line":90,"column":null}}],"line":84}},"s":{"0":1,"1":8,"2":8,"3":8,"4":8,"5":8,"6":8,"7":1,"8":8,"9":1,"10":8,"11":8,"12":2,"13":8,"14":14},"f":{"0":8,"1":1,"2":1,"3":2,"4":14},"b":{"0":[1,7],"1":[8,1],"2":[1,1],"3":[1,0,0]},"meta":{"lastBranch":4,"lastFunction":5,"lastStatement":15,"seen":{"s:12:6:95:Infinity":0,"f:12:6:12:26":0,"s:13:16:13:Infinity":1,"s:14:39:14:Infinity":2,"s:15:62:16:Infinity":3,"s:18:17:18:Infinity":4,"s:19:35:21:Infinity":5,"s:23:8:25:Infinity":6,"f:23:8:23:23":1,"s:24:4:24:Infinity":7,"s:27:8:29:Infinity":8,"f:27:8:27:29":2,"s:28:4:28:Infinity":9,"s:31:31:31:Infinity":10,"s:32:21:34:Infinity":11,"f:32:38:32:Infinity":3,"s:33:16:33:Infinity":12,"s:36:2:93:Infinity":13,"b:57:10:62:30:62:10:70:Infinity":0,"f:62:30:62:35":4,"s:63:12:68:Infinity":14,"b:73:7:73:Infinity:74:8:91:Infinity":1,"b:76:13:76:Infinity:77:14:84:14":2,"b:84:13:84:28:84:28:84:Infinity:85:14:90:Infinity":3},"fnNames":{}}}
,"/Users/vivekrajkr/Projects/sports-leagues/src/features/leagues-list/api.ts": {"path":"/Users/vivekrajkr/Projects/sports-leagues/src/features/leagues-list/api.ts","statementMap":{"0":{"start":{"line":4,"column":31},"end":{"line":7,"column":null}},"1":{"start":{"line":5,"column":14},"end":{"line":5,"column":null}},"2":{"start":{"line":6,"column":2},"end":{"line":6,"column":null}},"3":{"start":{"line":9,"column":27},"end":{"line":12,"column":null}},"4":{"start":{"line":10,"column":14},"end":{"line":10,"column":null}},"5":{"start":{"line":11,"column":2},"end":{"line":11,"column":null}}},"fnMap":{"0":{"name":"(anonymous_0)","decl":{"start":{"line":4,"column":31},"end":{"line":4,"column":72}},"loc":{"start":{"line":4,"column":72},"end":{"line":7,"column":null}},"line":4},"1":{"name":"(anonymous_1)","decl":{"start":{"line":9,"column":27},"end":{"line":9,"column":34}},"loc":{"start":{"line":9,"column":73},"end":{"line":12,"column":null}},"line":9}},"branchMap":{},"s":{"0":1,"1":1,"2":1,"3":1,"4":1,"5":1},"f":{"0":1,"1":1},"b":{},"meta":{"lastBranch":0,"lastFunction":2,"lastStatement":6,"seen":{"s:4:31:7:Infinity":0,"f:4:31:4:72":0,"s:5:14:5:Infinity":1,"s:6:2:6:Infinity":2,"s:9:27:12:Infinity":3,"f:9:27:9:34":1,"s:10:14:10:Infinity":4,"s:11:2:11:Infinity":5},"fnNames":{}}}
,"/Users/vivekrajkr/Projects/sports-leagues/src/features/leagues-list/types.ts": {"path":"/Users/vivekrajkr/Projects/sports-leagues/src/features/leagues-list/types.ts","statementMap":{},"fnMap":{},"branchMap":{},"s":{},"f":{},"b":{},"meta":{"lastBranch":0,"lastFunction":0,"lastStatement":0,"seen":{},"fnNames":{}}}
,"/Users/vivekrajkr/Projects/sports-leagues/src/features/leagues-list/components/LeagueCard.tsx": {"path":"/Users/vivekrajkr/Projects/sports-leagues/src/features/leagues-list/components/LeagueCard.tsx","statementMap":{"0":{"start":{"line":9,"column":6},"end":{"line":19,"column":null}},"1":{"start":{"line":10,"column":2},"end":{"line":17,"column":null}},"2":{"start":{"line":12,"column":21},"end":{"line":12,"column":null}}},"fnMap":{"0":{"name":"(anonymous_0)","decl":{"start":{"line":9,"column":19},"end":{"line":9,"column":25}},"loc":{"start":{"line":9,"column":70},"end":{"line":19,"column":1}},"line":9},"1":{"name":"(anonymous_1)","decl":{"start":{"line":12,"column":6},"end":{"line":12,"column":21}},"loc":{"start":{"line":12,"column":21},"end":{"line":12,"column":null}},"line":12}},"branchMap":{},"s":{"0":2,"1":14,"2":2},"f":{"0":14,"1":2},"b":{},"meta":{"lastBranch":0,"lastFunction":2,"lastStatement":3,"seen":{"s:9:6:19:Infinity":0,"f:9:19:9:25":0,"s:10:2:17:Infinity":1,"f:12:6:12:21":1,"s:12:21:12:Infinity":2},"fnNames":{}}}
,"/Users/vivekrajkr/Projects/sports-leagues/src/features/leagues-list/hooks/api-hooks.ts": {"path":"/Users/vivekrajkr/Projects/sports-leagues/src/features/leagues-list/hooks/api-hooks.ts","statementMap":{"0":{"start":{"line":4,"column":13},"end":{"line":9,"column":null}},"1":{"start":{"line":5,"column":2},"end":{"line":8,"column":null}},"2":{"start":{"line":11,"column":13},"end":{"line":18,"column":null}},"3":{"start":{"line":12,"column":2},"end":{"line":17,"column":null}},"4":{"start":{"line":14,"column":19},"end":{"line":14,"column":null}}},"fnMap":{"0":{"name":"(anonymous_0)","decl":{"start":{"line":4,"column":13},"end":{"line":4,"column":40}},"loc":{"start":{"line":4,"column":40},"end":{"line":9,"column":null}},"line":4},"1":{"name":"(anonymous_1)","decl":{"start":{"line":11,"column":13},"end":{"line":11,"column":31}},"loc":{"start":{"line":11,"column":53},"end":{"line":18,"column":null}},"line":11},"2":{"name":"(anonymous_2)","decl":{"start":{"line":14,"column":4},"end":{"line":14,"column":19}},"loc":{"start":{"line":14,"column":19},"end":{"line":14,"column":null}},"line":14}},"branchMap":{},"s":{"0":1,"1":2,"2":1,"3":3,"4":1},"f":{"0":2,"1":3,"2":1},"b":{},"meta":{"lastBranch":0,"lastFunction":3,"lastStatement":5,"seen":{"s:4:13:9:Infinity":0,"f:4:13:4:40":0,"s:5:2:8:Infinity":1,"s:11:13:18:Infinity":2,"f:11:13:11:31":1,"s:12:2:17:Infinity":3,"f:14:4:14:19":2,"s:14:19:14:Infinity":4},"fnNames":{}}}
,"/Users/vivekrajkr/Projects/sports-leagues/src/features/leagues-list/hooks/useFilterByType.ts": {"path":"/Users/vivekrajkr/Projects/sports-leagues/src/features/leagues-list/hooks/useFilterByType.ts","statementMap":{"0":{"start":{"line":4,"column":39},"end":{"line":20,"column":null}},"1":{"start":{"line":22,"column":13},"end":{"line":41,"column":null}},"2":{"start":{"line":23,"column":15},"end":{"line":23,"column":null}},"3":{"start":{"line":25,"column":8},"end":{"line":28,"column":null}},"4":{"start":{"line":26,"column":16},"end":{"line":26,"column":null}},"5":{"start":{"line":27,"column":4},"end":{"line":27,"column":null}},"6":{"start":{"line":30,"column":8},"end":{"line":38,"column":null}},"7":{"start":{"line":32,"column":6},"end":{"line":36,"column":null}},"8":{"start":{"line":34,"column":12},"end":{"line":34,"column":null}},"9":{"start":{"line":40,"column":2},"end":{"line":40,"column":null}}},"fnMap":{"0":{"name":"(anonymous_0)","decl":{"start":{"line":22,"column":13},"end":{"line":22,"column":32}},"loc":{"start":{"line":22,"column":52},"end":{"line":41,"column":null}},"line":22},"1":{"name":"(anonymous_1)","decl":{"start":{"line":25,"column":27},"end":{"line":25,"column":40}},"loc":{"start":{"line":25,"column":84},"end":{"line":28,"column":5}},"line":25},"2":{"name":"(anonymous_2)","decl":{"start":{"line":30,"column":29},"end":{"line":30,"column":null}},"loc":{"start":{"line":32,"column":6},"end":{"line":36,"column":null}},"line":32},"3":{"name":"(anonymous_3)","decl":{"start":{"line":33,"column":16},"end":{"line":33,"column":24}},"loc":{"start":{"line":33,"column":33},"end":{"line":35,"column":11}},"line":33}},"branchMap":{"0":{"loc":{"start":{"line":32,"column":6},"end":{"line":36,"column":null}},"type":"cond-expr","locations":[{"start":{"line":33,"column":10},"end":{"line":35,"column":null}},{"start":{"line":36,"column":10},"end":{"line":36,"column":null}}],"line":32}},"s":{"0":2,"1":2,"2":11,"3":11,"4":1,"5":1,"6":11,"7":7,"8":2,"9":11},"f":{"0":11,"1":1,"2":7,"3":2},"b":{"0":[1,6]},"meta":{"lastBranch":1,"lastFunction":4,"lastStatement":10,"seen":{"s:4:39:20:Infinity":0,"s:22:13:41:Infinity":1,"f:22:13:22:32":0,"s:23:15:23:Infinity":2,"s:25:8:28:Infinity":3,"f:25:27:25:40":1,"s:26:16:26:Infinity":4,"s:27:4:27:Infinity":5,"s:30:8:38:Infinity":6,"f:30:29:30:Infinity":2,"s:32:6:36:Infinity":7,"b:33:10:35:Infinity:36:10:36:Infinity":0,"f:33:16:33:24":3,"s:34:12:34:Infinity":8,"s:40:2:40:Infinity":9},"fnNames":{}}}
,"/Users/vivekrajkr/Projects/sports-leagues/src/features/leagues-list/hooks/useLeaguesSearch.ts": {"path":"/Users/vivekrajkr/Projects/sports-leagues/src/features/leagues-list/hooks/useLeaguesSearch.ts","statementMap":{"0":{"start":{"line":5,"column":13},"end":{"line":25,"column":null}},"1":{"start":{"line":6,"column":16},"end":{"line":6,"column":null}},"2":{"start":{"line":7,"column":10},"end":{"line":7,"column":null}},"3":{"start":{"line":9,"column":8},"end":{"line":12,"column":null}},"4":{"start":{"line":10,"column":18},"end":{"line":10,"column":null}},"5":{"start":{"line":11,"column":4},"end":{"line":11,"column":null}},"6":{"start":{"line":14,"column":8},"end":{"line":22,"column":null}},"7":{"start":{"line":16,"column":6},"end":{"line":20,"column":null}},"8":{"start":{"line":17,"column":36},"end":{"line":17,"column":null}},"9":{"start":{"line":18,"column":32},"end":{"line":18,"column":null}},"10":{"start":{"line":19,"column":8},"end":{"line":19,"column":null}},"11":{"start":{"line":24,"column":2},"end":{"line":24,"column":null}}},"fnMap":{"0":{"name":"(anonymous_0)","decl":{"start":{"line":5,"column":13},"end":{"line":5,"column":33}},"loc":{"start":{"line":5,"column":63},"end":{"line":25,"column":null}},"line":5},"1":{"name":"(anonymous_1)","decl":{"start":{"line":9,"column":24},"end":{"line":9,"column":37}},"loc":{"start":{"line":9,"column":80},"end":{"line":12,"column":5}},"line":9},"2":{"name":"(anonymous_2)","decl":{"start":{"line":14,"column":23},"end":{"line":14,"column":null}},"loc":{"start":{"line":16,"column":6},"end":{"line":20,"column":null}},"line":16},"3":{"name":"(anonymous_3)","decl":{"start":{"line":16,"column":21},"end":{"line":16,"column":29}},"loc":{"start":{"line":16,"column":38},"end":{"line":20,"column":7}},"line":16}},"branchMap":{},"s":{"0":2,"1":12,"2":12,"3":12,"4":2,"5":2,"6":12,"7":7,"8":14,"9":14,"10":14,"11":12},"f":{"0":12,"1":2,"2":7,"3":14},"b":{},"meta":{"lastBranch":0,"lastFunction":4,"lastStatement":12,"seen":{"s:5:13:25:Infinity":0,"f:5:13:5:33":0,"s:6:16:6:Infinity":1,"s:7:10:7:Infinity":2,"s:9:8:12:Infinity":3,"f:9:24:9:37":1,"s:10:18:10:Infinity":4,"s:11:4:11:Infinity":5,"s:14:8:22:Infinity":6,"f:14:23:14:Infinity":2,"s:16:6:20:Infinity":7,"f:16:21:16:29":3,"s:17:36:17:Infinity":8,"s:18:32:18:Infinity":9,"s:19:8:19:Infinity":10,"s:24:2:24:Infinity":11},"fnNames":{}}}
,"/Users/vivekrajkr/Projects/sports-leagues/src/hooks/useDebounce.ts": {"path":"/Users/vivekrajkr/Projects/sports-leagues/src/hooks/useDebounce.ts","statementMap":{"0":{"start":{"line":3,"column":6},"end":{"line":20,"column":null}},"1":{"start":{"line":4,"column":25},"end":{"line":4,"column":null}},"2":{"start":{"line":5,"column":8},"end":{"line":5,"column":null}},"3":{"start":{"line":7,"column":2},"end":{"line":17,"column":null}},"4":{"start":{"line":8,"column":4},"end":{"line":10,"column":null}},"5":{"start":{"line":9,"column":6},"end":{"line":9,"column":null}},"6":{"start":{"line":12,"column":4},"end":{"line":16,"column":null}},"7":{"start":{"line":13,"column":6},"end":{"line":15,"column":null}},"8":{"start":{"line":14,"column":8},"end":{"line":14,"column":null}},"9":{"start":{"line":19,"column":2},"end":{"line":19,"column":null}}},"fnMap":{"0":{"name":"(anonymous_0)","decl":{"start":{"line":3,"column":6},"end":{"line":3,"column":21}},"loc":{"start":{"line":3,"column":52},"end":{"line":20,"column":null}},"line":3},"1":{"name":"(anonymous_1)","decl":{"start":{"line":7,"column":2},"end":{"line":7,"column":18}},"loc":{"start":{"line":7,"column":18},"end":{"line":17,"column":5}},"line":7},"2":{"name":"(anonymous_2)","decl":{"start":{"line":8,"column":23},"end":{"line":8,"column":40}},"loc":{"start":{"line":8,"column":40},"end":{"line":10,"column":7}},"line":8},"3":{"name":"(anonymous_3)","decl":{"start":{"line":12,"column":4},"end":{"line":12,"column":17}},"loc":{"start":{"line":12,"column":17},"end":{"line":16,"column":null}},"line":12}},"branchMap":{"0":{"loc":{"start":{"line":3,"column":36},"end":{"line":3,"column":52}},"type":"default-arg","locations":[{"start":{"line":3,"column":44},"end":{"line":3,"column":52}}],"line":3},"1":{"loc":{"start":{"line":13,"column":6},"end":{"line":15,"column":null}},"type":"if","locations":[{"start":{"line":13,"column":6},"end":{"line":15,"column":null}},{"start":{},"end":{}}],"line":13}},"s":{"0":2,"1":12,"2":12,"3":12,"4":7,"5":3,"6":7,"7":7,"8":7,"9":12},"f":{"0":12,"1":7,"2":3,"3":7},"b":{"0":[12],"1":[7,0]},"meta":{"lastBranch":2,"lastFunction":4,"lastStatement":10,"seen":{"s:3:6:20:Infinity":0,"f:3:6:3:21":0,"b:3:44:3:52":0,"s:4:25:4:Infinity":1,"s:5:8:5:Infinity":2,"s:7:2:17:Infinity":3,"f:7:2:7:18":1,"s:8:4:10:Infinity":4,"f:8:23:8:40":2,"s:9:6:9:Infinity":5,"s:12:4:16:Infinity":6,"f:12:4:12:17":3,"b:13:6:15:Infinity:undefined:undefined:undefined:undefined":1,"s:13:6:15:Infinity":7,"s:14:8:14:Infinity":8,"s:19:2:19:Infinity":9},"fnNames":{}}}
,"/Users/vivekrajkr/Projects/sports-leagues/src/lib/api.ts": {"path":"/Users/vivekrajkr/Projects/sports-leagues/src/lib/api.ts","statementMap":{"0":{"start":{"line":3,"column":19},"end":{"line":5,"column":null}}},"fnMap":{},"branchMap":{},"s":{"0":1},"f":{},"b":{},"meta":{"lastBranch":0,"lastFunction":0,"lastStatement":1,"seen":{"s:3:19:5:Infinity":0},"fnNames":{}}}
}
